<?xml version="1.0" encoding="UTF-8"?>
<testsuite xmlns:xsi="http://www.w3.org/2001/XMLSchema-instance" xsi:noNamespaceSchemaLocation="https://maven.apache.org/surefire/maven-surefire-plugin/xsd/surefire-test-report.xsd" version="3.0.2" name="com.instigator.ApplicationTest" time="0.317" tests="1" errors="0" skipped="0" failures="0">
  <properties>
    <property name="java.specification.version" value="24"/>
    <property name="sun.jnu.encoding" value="UTF-8"/>
    <property name="java.class.path" value="/home/dio/instigator/target/test-classes:/home/dio/instigator/target/classes:/home/dio/.m2/repository/org/junit/jupiter/junit-jupiter/6.0.0-M1/junit-jupiter-6.0.0-M1.jar:/home/dio/.m2/repository/org/junit/jupiter/junit-jupiter-api/6.0.0-M1/junit-jupiter-api-6.0.0-M1.jar:/home/dio/.m2/repository/org/opentest4j/opentest4j/1.3.0/opentest4j-1.3.0.jar:/home/dio/.m2/repository/org/junit/platform/junit-platform-commons/6.0.0-M1/junit-platform-commons-6.0.0-M1.jar:/home/dio/.m2/repository/org/jspecify/jspecify/1.0.0/jspecify-1.0.0.jar:/home/dio/.m2/repository/org/apiguardian/apiguardian-api/1.1.2/apiguardian-api-1.1.2.jar:/home/dio/.m2/repository/org/junit/jupiter/junit-jupiter-params/6.0.0-M1/junit-jupiter-params-6.0.0-M1.jar:/home/dio/.m2/repository/org/junit/jupiter/junit-jupiter-engine/6.0.0-M1/junit-jupiter-engine-6.0.0-M1.jar:/home/dio/.m2/repository/org/junit/platform/junit-platform-engine/6.0.0-M1/junit-platform-engine-6.0.0-M1.jar:/home/dio/.m2/repository/com/google/code/gson/gson/2.13.1/gson-2.13.1.jar:/home/dio/.m2/repository/com/google/errorprone/error_prone_annotations/2.38.0/error_prone_annotations-2.38.0.jar:/home/dio/instigator/target/classes/META-INF/versions/11:"/>
    <property name="java.vm.vendor" value="Arch Linux"/>
    <property name="sun.arch.data.model" value="64"/>
    <property name="java.vendor.url" value="https://openjdk.org/"/>
    <property name="os.name" value="Linux"/>
    <property name="java.vm.specification.version" value="24"/>
    <property name="sun.java.launcher" value="SUN_STANDARD"/>
    <property name="user.country" value="US"/>
    <property name="sun.boot.library.path" value="/usr/lib/jvm/java-24-openjdk/lib"/>
    <property name="sun.java.command" value="/home/dio/instigator/target/surefire/surefirebooter-20250711043423550_3.jar /home/dio/instigator/target/surefire 2025-07-11T04-34-23_034-jvmRun1 surefire-20250711043423550_1tmp surefire_0-20250711043423550_2tmp"/>
    <property name="jdk.debug" value="release"/>
    <property name="surefire.test.class.path" value="/home/dio/instigator/target/test-classes:/home/dio/instigator/target/classes:/home/dio/.m2/repository/org/junit/jupiter/junit-jupiter/6.0.0-M1/junit-jupiter-6.0.0-M1.jar:/home/dio/.m2/repository/org/junit/jupiter/junit-jupiter-api/6.0.0-M1/junit-jupiter-api-6.0.0-M1.jar:/home/dio/.m2/repository/org/opentest4j/opentest4j/1.3.0/opentest4j-1.3.0.jar:/home/dio/.m2/repository/org/junit/platform/junit-platform-commons/6.0.0-M1/junit-platform-commons-6.0.0-M1.jar:/home/dio/.m2/repository/org/jspecify/jspecify/1.0.0/jspecify-1.0.0.jar:/home/dio/.m2/repository/org/apiguardian/apiguardian-api/1.1.2/apiguardian-api-1.1.2.jar:/home/dio/.m2/repository/org/junit/jupiter/junit-jupiter-params/6.0.0-M1/junit-jupiter-params-6.0.0-M1.jar:/home/dio/.m2/repository/org/junit/jupiter/junit-jupiter-engine/6.0.0-M1/junit-jupiter-engine-6.0.0-M1.jar:/home/dio/.m2/repository/org/junit/platform/junit-platform-engine/6.0.0-M1/junit-platform-engine-6.0.0-M1.jar:/home/dio/.m2/repository/com/google/code/gson/gson/2.13.1/gson-2.13.1.jar:/home/dio/.m2/repository/com/google/errorprone/error_prone_annotations/2.38.0/error_prone_annotations-2.38.0.jar:/home/dio/instigator/target/classes/META-INF/versions/11:"/>
    <property name="sun.cpu.endian" value="little"/>
    <property name="user.home" value="/home/dio"/>
    <property name="user.language" value="en"/>
    <property name="java.specification.vendor" value="Oracle Corporation"/>
    <property name="java.version.date" value="2025-04-15"/>
    <property name="java.home" value="/usr/lib/jvm/java-24-openjdk"/>
    <property name="file.separator" value="/"/>
    <property name="basedir" value="/home/dio/instigator"/>
    <property name="java.vm.compressedOopsMode" value="32-bit"/>
    <property name="line.separator" value="&#10;"/>
    <property name="java.specification.name" value="Java Platform API Specification"/>
    <property name="java.vm.specification.vendor" value="Oracle Corporation"/>
    <property name="performRelease" value="true"/>
    <property name="surefire.real.class.path" value="/home/dio/instigator/target/surefire/surefirebooter-20250711043423550_3.jar"/>
    <property name="sun.management.compiler" value="HotSpot 64-Bit Tiered Compilers"/>
    <property name="java.runtime.version" value="24.0.1"/>
    <property name="user.name" value="dio"/>
    <property name="stdout.encoding" value="UTF-8"/>
    <property name="path.separator" value=":"/>
    <property name="os.version" value="6.2.1-PRoot-Distro"/>
    <property name="java.runtime.name" value="OpenJDK Runtime Environment"/>
    <property name="file.encoding" value="UTF-8"/>
    <property name="java.vm.name" value="OpenJDK 64-Bit Server VM"/>
    <property name="localRepository" value="/home/dio/.m2/repository"/>
    <property name="java.vendor.url.bug" value="https://bugreport.java.com/bugreport/"/>
    <property name="java.io.tmpdir" value="/tmp"/>
    <property name="java.version" value="24.0.1"/>
    <property name="user.dir" value="/home/dio/instigator"/>
    <property name="os.arch" value="aarch64"/>
    <property name="java.vm.specification.name" value="Java Virtual Machine Specification"/>
    <property name="native.encoding" value="UTF-8"/>
    <property name="java.library.path" value="/usr/java/packages/lib:/usr/lib64:/lib64:/lib:/usr/lib"/>
    <property name="java.vm.info" value="mixed mode, sharing"/>
    <property name="stderr.encoding" value="UTF-8"/>
    <property name="java.vendor" value="Arch Linux"/>
    <property name="java.vm.version" value="24.0.1"/>
    <property name="sun.io.unicode.encoding" value="UnicodeLittle"/>
    <property name="java.class.version" value="68.0"/>
  </properties>
  <testcase name="testAppRuns" classname="com.instigator.ApplicationTest" time="0.204"/>
</testsuite>